<?xml version="1.0" encoding="UTF-8"?>
<testng-results ignored="0" total="1" passed="1" failed="0" skipped="0">
  <reporter-output>
  </reporter-output>
  <suite started-at="2026-04-18T13:02:49 IST" name="Default suite" finished-at="2026-04-18T13:02:54 IST" duration-ms="5146">
    <groups>
    </groups>
    <test started-at="2026-04-18T13:02:49 IST" name="Default test" finished-at="2026-04-18T13:02:54 IST" duration-ms="5146">
      <class name="tests.loginTest">
        <test-method is-config="true" signature="setUp()[pri:0, instance:tests.loginTest@1bb5a082]" started-at="2026-04-18T13:02:49 IST" name="setUp" finished-at="2026-04-18T13:02:53 IST" duration-ms="4081" status="PASS">
          <reporter-output>
          </reporter-output>
        </test-method> <!-- setUp -->
        <test-method signature="testValidLogin()[pri:0, instance:tests.loginTest@1bb5a082]" started-at="2026-04-18T13:02:53 IST" name="testValidLogin" finished-at="2026-04-18T13:02:54 IST" duration-ms="751" status="PASS">
          <reporter-output>
          </reporter-output>
        </test-method> <!-- testValidLogin -->
        <test-method is-config="true" signature="tearDown()[pri:0, instance:tests.loginTest@1bb5a082]" started-at="2026-04-18T13:02:54 IST" name="tearDown" finished-at="2026-04-18T13:02:54 IST" duration-ms="267" status="PASS">
          <reporter-output>
          </reporter-output>
        </test-method> <!-- tearDown -->
      </class> <!-- tests.loginTest -->
    </test> <!-- Default test -->
  </suite> <!-- Default suite -->
</testng-results>
